<?xml version="1.0" encoding="UTF-8"?>
<testsuite name="GenreTest" tests="10" skipped="0" failures="0" errors="0" timestamp="2016-09-21T17:18:47" hostname="epicodus-8.local" time="0.121">
  <properties/>
  <testcase name="equals_returnsTrueIfNamesAretheSame" classname="GenreTest" time="0.005"/>
  <testcase name="genre_instantiatesCorrectly_true" classname="GenreTest" time="0.007"/>
  <testcase name="getBooks_initiallyReturnsEmptyList_ArrayList" classname="GenreTest" time="0.008"/>
  <testcase name="getBooks_retrievesAllBooksFromDatabase_bookList" classname="GenreTest" time="0.022"/>
  <testcase name="find_returnsGenreWithSameId_secondGenre" classname="GenreTest" time="0.018"/>
  <testcase name="getName_genreInstantiatesWithName_Home" classname="GenreTest" time="0.004"/>
  <testcase name="save_savesIntoDatabase_true" classname="GenreTest" time="0.012"/>
  <testcase name="getId_categoriesInstantiateWithAnId_1" classname="GenreTest" time="0.008"/>
  <testcase name="save_assignsIdToObject" classname="GenreTest" time="0.013"/>
  <testcase name="all_returnsAllInstancesOfGenre_true" classname="GenreTest" time="0.022"/>
  <system-out><![CDATA[]]></system-out>
  <system-err><![CDATA[]]></system-err>
</testsuite>
