<?xml version="1.0" encoding="UTF-8"?>
<testsuite name="BookTest" tests="14" skipped="0" failures="0" errors="0" timestamp="2016-09-21T17:18:46" hostname="epicodus-8.local" time="0.307">
  <properties/>
  <testcase name="find_returnsBookWithSameId_secondBook" classname="BookTest" time="0.16"/>
  <testcase name="all_returnsAllInstancesOfBook_true" classname="BookTest" time="0.024"/>
  <testcase name="equals_returnsTrueIfNamesAretheSame" classname="BookTest" time="0.005"/>
  <testcase name="save_returnsTrueIfNamesAretheSame" classname="BookTest" time="0.014"/>
  <testcase name="save_savesGenreIdIntoDB_true" classname="BookTest" time="0.019"/>
  <testcase name="update_updatesBookName_true" classname="BookTest" time="0.018"/>
  <testcase name="getCreatedAt_instantiatesWithCurrentTime_today" classname="BookTest" time="0.004"/>
  <testcase name="isCompleted_isFalseAfterInstantiation_false" classname="BookTest" time="0.004"/>
  <testcase name="Book_instantiatesCorrectly_true" classname="BookTest" time="0.005"/>
  <testcase name="save_assignsIdToObject" classname="BookTest" time="0.013"/>
  <testcase name="clear_emptiesAllBooksFromArrayList_0" classname="BookTest" time="0.008"/>
  <testcase name="delete_deletesBook_true" classname="BookTest" time="0.016"/>
  <testcase name="getId_booksInstantiateWithAnID" classname="BookTest" time="0.009"/>
  <testcase name="Book_instantiatesWithName_String" classname="BookTest" time="0.005"/>
  <system-out><![CDATA[]]></system-out>
  <system-err><![CDATA[]]></system-err>
</testsuite>
